<?xml version="1.0" encoding="UTF-8"?>
<testng-results ignored="0" total="17" passed="17" failed="0" skipped="0">
  <reporter-output>
  </reporter-output>
  <suite started-at="2024-07-02T14:29:53 IST" name="Suite" finished-at="2024-07-02T14:35:27 IST" duration-ms="334159">
    <groups>
      <group name="Sanity">
        <method signature="LoginPageTest.verifyErrorMsgWhileLoginWithInvalidCredentials(java.lang.String,java.lang.String)[pri:0, instance:test.LoginPageTest@21e360a]" name="verifyErrorMsgWhileLoginWithInvalidCredentials" class="test.LoginPageTest"/>
        <method signature="ResetPageTest.verifyResetPageTitle()[pri:0, instance:test.ResetPageTest@7c24b813]" name="verifyResetPageTitle" class="test.ResetPageTest"/>
      </group> <!-- Sanity -->
      <group name="Regression">
        <method signature="LoginPageTest.verifyLoginWithValidCredentials()[pri:0, instance:test.LoginPageTest@21e360a]" name="verifyLoginWithValidCredentials" class="test.LoginPageTest"/>
      </group> <!-- Regression -->
      <group name="Smoke">
        <method signature="ResetPageTest.verifyErrorMessageWithInvalidEmailId()[pri:0, instance:test.ResetPageTest@7c24b813]" name="verifyErrorMessageWithInvalidEmailId" class="test.ResetPageTest"/>
      </group> <!-- Smoke -->
    </groups>
    <test started-at="2024-07-02T14:29:53 IST" name="Test Report" finished-at="2024-07-02T14:35:27 IST" duration-ms="334159">
      <class name="test.ProfilePageTest">
        <test-method is-config="true" signature="setUp(java.lang.String)[pri:0, instance:test.ProfilePageTest@16610890]" started-at="2024-07-02T14:29:53 IST" name="setUp" finished-at="2024-07-02T14:30:11 IST" duration-ms="18387" status="PASS">
          <params>
            <param index="0">
              <value>
                <![CDATA[Chrome]]>
              </value>
            </param>
          </params>
          <reporter-output>
          </reporter-output>
        </test-method> <!-- setUp -->
        <test-method signature="verifyProfileUpdate()[pri:0, instance:test.ProfilePageTest@16610890]" started-at="2024-07-02T14:30:11 IST" name="verifyProfileUpdate" finished-at="2024-07-02T14:30:19 IST" duration-ms="8148" status="PASS">
          <reporter-output>
          </reporter-output>
        </test-method> <!-- verifyProfileUpdate -->
        <test-method is-config="true" signature="closeBrowser(org.testng.ITestResult)[pri:0, instance:test.ProfilePageTest@16610890]" started-at="2024-07-02T14:30:19 IST" name="closeBrowser" finished-at="2024-07-02T14:30:19 IST" duration-ms="128" status="PASS">
          <params>
            <param index="0">
              <value>
                <![CDATA[[TestResult name=verifyProfileUpdate status=SUCCESS method=ProfilePageTest.verifyProfileUpdate()[pri:0, instance:test.ProfilePageTest@16610890] output={null}]]]>
              </value>
            </param>
          </params>
          <reporter-output>
          </reporter-output>
        </test-method> <!-- closeBrowser -->
      </class> <!-- test.ProfilePageTest -->
      <class name="test.ResetPageTest">
        <test-method is-config="true" signature="setUp(java.lang.String)[pri:0, instance:test.ResetPageTest@7c24b813]" started-at="2024-07-02T14:31:09 IST" name="setUp" finished-at="2024-07-02T14:31:29 IST" duration-ms="20188" status="PASS">
          <params>
            <param index="0">
              <value>
                <![CDATA[Chrome]]>
              </value>
            </param>
          </params>
          <reporter-output>
          </reporter-output>
        </test-method> <!-- setUp -->
        <test-method signature="verifyErrorMessageWithInvalidEmailId()[pri:0, instance:test.ResetPageTest@7c24b813]" started-at="2024-07-02T14:31:29 IST" name="verifyErrorMessageWithInvalidEmailId" finished-at="2024-07-02T14:31:30 IST" duration-ms="1381" status="PASS">
          <reporter-output>
          </reporter-output>
        </test-method> <!-- verifyErrorMessageWithInvalidEmailId -->
        <test-method is-config="true" signature="closeBrowser(org.testng.ITestResult)[pri:0, instance:test.ResetPageTest@7c24b813]" started-at="2024-07-02T14:31:30 IST" name="closeBrowser" finished-at="2024-07-02T14:31:30 IST" duration-ms="143" status="PASS">
          <params>
            <param index="0">
              <value>
                <![CDATA[[TestResult name=verifyErrorMessageWithInvalidEmailId status=SUCCESS method=ResetPageTest.verifyErrorMessageWithInvalidEmailId()[pri:0, instance:test.ResetPageTest@7c24b813] output={null}]]]>
              </value>
            </param>
          </params>
          <reporter-output>
          </reporter-output>
        </test-method> <!-- closeBrowser -->
        <test-method is-config="true" signature="setUp(java.lang.String)[pri:0, instance:test.ResetPageTest@7c24b813]" started-at="2024-07-02T14:31:30 IST" name="setUp" finished-at="2024-07-02T14:31:50 IST" duration-ms="19665" status="PASS">
          <params>
            <param index="0">
              <value>
                <![CDATA[Chrome]]>
              </value>
            </param>
          </params>
          <reporter-output>
          </reporter-output>
        </test-method> <!-- setUp -->
        <test-method signature="verifyPasswordResetwithValidEmailId()[pri:0, instance:test.ResetPageTest@7c24b813]" started-at="2024-07-02T14:31:50 IST" name="verifyPasswordResetwithValidEmailId" finished-at="2024-07-02T14:31:52 IST" duration-ms="1755" status="PASS">
          <reporter-output>
          </reporter-output>
        </test-method> <!-- verifyPasswordResetwithValidEmailId -->
        <test-method is-config="true" signature="closeBrowser(org.testng.ITestResult)[pri:0, instance:test.ResetPageTest@7c24b813]" started-at="2024-07-02T14:31:52 IST" name="closeBrowser" finished-at="2024-07-02T14:31:52 IST" duration-ms="143" status="PASS">
          <params>
            <param index="0">
              <value>
                <![CDATA[[TestResult name=verifyPasswordResetwithValidEmailId status=SUCCESS method=ResetPageTest.verifyPasswordResetwithValidEmailId()[pri:0, instance:test.ResetPageTest@7c24b813] output={null}]]]>
              </value>
            </param>
          </params>
          <reporter-output>
          </reporter-output>
        </test-method> <!-- closeBrowser -->
        <test-method is-config="true" signature="setUp(java.lang.String)[pri:0, instance:test.ResetPageTest@7c24b813]" started-at="2024-07-02T14:31:52 IST" name="setUp" finished-at="2024-07-02T14:32:09 IST" duration-ms="17350" status="PASS">
          <params>
            <param index="0">
              <value>
                <![CDATA[Chrome]]>
              </value>
            </param>
          </params>
          <reporter-output>
          </reporter-output>
        </test-method> <!-- setUp -->
        <test-method signature="verifyResetPageTitle()[pri:0, instance:test.ResetPageTest@7c24b813]" started-at="2024-07-02T14:32:09 IST" name="verifyResetPageTitle" finished-at="2024-07-02T14:32:10 IST" duration-ms="529" status="PASS">
          <reporter-output>
          </reporter-output>
        </test-method> <!-- verifyResetPageTitle -->
        <test-method is-config="true" signature="closeBrowser(org.testng.ITestResult)[pri:0, instance:test.ResetPageTest@7c24b813]" started-at="2024-07-02T14:32:10 IST" name="closeBrowser" finished-at="2024-07-02T14:32:10 IST" duration-ms="108" status="PASS">
          <params>
            <param index="0">
              <value>
                <![CDATA[[TestResult name=verifyResetPageTitle status=SUCCESS method=ResetPageTest.verifyResetPageTitle()[pri:0, instance:test.ResetPageTest@7c24b813] output={null}]]]>
              </value>
            </param>
          </params>
          <reporter-output>
          </reporter-output>
        </test-method> <!-- closeBrowser -->
      </class> <!-- test.ResetPageTest -->
      <class name="test.HomePageTest">
        <test-method is-config="true" signature="setUp(java.lang.String)[pri:0, instance:test.HomePageTest@7bd4937b]" started-at="2024-07-02T14:33:13 IST" name="setUp" finished-at="2024-07-02T14:33:26 IST" duration-ms="13005" status="PASS">
          <params>
            <param index="0">
              <value>
                <![CDATA[Chrome]]>
              </value>
            </param>
          </params>
          <reporter-output>
          </reporter-output>
        </test-method> <!-- setUp -->
        <test-method signature="verifyUserLoginDate()[pri:0, instance:test.HomePageTest@7bd4937b]" started-at="2024-07-02T14:33:26 IST" name="verifyUserLoginDate" finished-at="2024-07-02T14:33:30 IST" duration-ms="3694" status="PASS">
          <reporter-output>
          </reporter-output>
        </test-method> <!-- verifyUserLoginDate -->
        <test-method is-config="true" signature="closeBrowser(org.testng.ITestResult)[pri:0, instance:test.HomePageTest@7bd4937b]" started-at="2024-07-02T14:33:30 IST" name="closeBrowser" finished-at="2024-07-02T14:33:30 IST" duration-ms="88" status="PASS">
          <params>
            <param index="0">
              <value>
                <![CDATA[[TestResult name=verifyUserLoginDate status=SUCCESS method=HomePageTest.verifyUserLoginDate()[pri:0, instance:test.HomePageTest@7bd4937b] output={null}]]]>
              </value>
            </param>
          </params>
          <reporter-output>
          </reporter-output>
        </test-method> <!-- closeBrowser -->
      </class> <!-- test.HomePageTest -->
      <class name="test.UsersPageTest">
        <test-method is-config="true" signature="setUp(java.lang.String)[pri:0, instance:test.UsersPageTest@5ba3f27a]" started-at="2024-07-02T14:34:25 IST" name="setUp" finished-at="2024-07-02T14:34:38 IST" duration-ms="13381" status="PASS">
          <params>
            <param index="0">
              <value>
                <![CDATA[Chrome]]>
              </value>
            </param>
          </params>
          <reporter-output>
          </reporter-output>
        </test-method> <!-- setUp -->
        <test-method signature="verifyDeleteFunctionality()[pri:0, instance:test.UsersPageTest@5ba3f27a]" started-at="2024-07-02T14:34:38 IST" name="verifyDeleteFunctionality" finished-at="2024-07-02T14:34:48 IST" duration-ms="9633" status="PASS">
          <reporter-output>
          </reporter-output>
        </test-method> <!-- verifyDeleteFunctionality -->
        <test-method is-config="true" signature="closeBrowser(org.testng.ITestResult)[pri:0, instance:test.UsersPageTest@5ba3f27a]" started-at="2024-07-02T14:34:48 IST" name="closeBrowser" finished-at="2024-07-02T14:34:48 IST" duration-ms="169" status="PASS">
          <params>
            <param index="0">
              <value>
                <![CDATA[[TestResult name=verifyDeleteFunctionality status=SUCCESS method=UsersPageTest.verifyDeleteFunctionality()[pri:0, instance:test.UsersPageTest@5ba3f27a] output={null}]]]>
              </value>
            </param>
          </params>
          <reporter-output>
          </reporter-output>
        </test-method> <!-- closeBrowser -->
        <test-method is-config="true" signature="setUp(java.lang.String)[pri:0, instance:test.UsersPageTest@5ba3f27a]" started-at="2024-07-02T14:34:48 IST" name="setUp" finished-at="2024-07-02T14:34:58 IST" duration-ms="10154" status="PASS">
          <params>
            <param index="0">
              <value>
                <![CDATA[Chrome]]>
              </value>
            </param>
          </params>
          <reporter-output>
          </reporter-output>
        </test-method> <!-- setUp -->
        <test-method signature="verifyEditFunctionality()[pri:0, instance:test.UsersPageTest@5ba3f27a]" started-at="2024-07-02T14:34:58 IST" name="verifyEditFunctionality" finished-at="2024-07-02T14:35:07 IST" duration-ms="9022" status="PASS">
          <reporter-output>
          </reporter-output>
        </test-method> <!-- verifyEditFunctionality -->
        <test-method is-config="true" signature="closeBrowser(org.testng.ITestResult)[pri:0, instance:test.UsersPageTest@5ba3f27a]" started-at="2024-07-02T14:35:07 IST" name="closeBrowser" finished-at="2024-07-02T14:35:07 IST" duration-ms="131" status="PASS">
          <params>
            <param index="0">
              <value>
                <![CDATA[[TestResult name=verifyEditFunctionality status=SUCCESS method=UsersPageTest.verifyEditFunctionality()[pri:0, instance:test.UsersPageTest@5ba3f27a] output={null}]]]>
              </value>
            </param>
          </params>
          <reporter-output>
          </reporter-output>
        </test-method> <!-- closeBrowser -->
        <test-method is-config="true" signature="setUp(java.lang.String)[pri:0, instance:test.UsersPageTest@5ba3f27a]" started-at="2024-07-02T14:35:07 IST" name="setUp" finished-at="2024-07-02T14:35:20 IST" duration-ms="13379" status="PASS">
          <params>
            <param index="0">
              <value>
                <![CDATA[Chrome]]>
              </value>
            </param>
          </params>
          <reporter-output>
          </reporter-output>
        </test-method> <!-- setUp -->
        <test-method signature="verifyViewFunctionality()[pri:0, instance:test.UsersPageTest@5ba3f27a]" started-at="2024-07-02T14:35:20 IST" name="verifyViewFunctionality" finished-at="2024-07-02T14:35:27 IST" duration-ms="6378" status="PASS">
          <reporter-output>
          </reporter-output>
        </test-method> <!-- verifyViewFunctionality -->
        <test-method is-config="true" signature="closeBrowser(org.testng.ITestResult)[pri:0, instance:test.UsersPageTest@5ba3f27a]" started-at="2024-07-02T14:35:27 IST" name="closeBrowser" finished-at="2024-07-02T14:35:27 IST" duration-ms="143" status="PASS">
          <params>
            <param index="0">
              <value>
                <![CDATA[[TestResult name=verifyViewFunctionality status=SUCCESS method=UsersPageTest.verifyViewFunctionality()[pri:0, instance:test.UsersPageTest@5ba3f27a] output={null}]]]>
              </value>
            </param>
          </params>
          <reporter-output>
          </reporter-output>
        </test-method> <!-- closeBrowser -->
      </class> <!-- test.UsersPageTest -->
      <class name="test.LoginPageTest">
        <test-method is-config="true" signature="setUp(java.lang.String)[pri:0, instance:test.LoginPageTest@21e360a]" started-at="2024-07-02T14:33:30 IST" name="setUp" finished-at="2024-07-02T14:33:45 IST" duration-ms="15466" status="PASS">
          <params>
            <param index="0">
              <value>
                <![CDATA[Chrome]]>
              </value>
            </param>
          </params>
          <reporter-output>
          </reporter-output>
        </test-method> <!-- setUp -->
        <test-method signature="verifyErrorMsgWhileLoginWithInvalidCredentials(java.lang.String,java.lang.String)[pri:0, instance:test.LoginPageTest@21e360a]" started-at="2024-07-02T14:33:45 IST" name="verifyErrorMsgWhileLoginWithInvalidCredentials" data-provider="InvalidLogincredentials" finished-at="2024-07-02T14:33:46 IST" duration-ms="821" status="PASS">
          <params>
            <param index="0">
              <value>
                <![CDATA[admin]]>
              </value>
            </param>
            <param index="1">
              <value>
                <![CDATA[1234]]>
              </value>
            </param>
          </params>
          <reporter-output>
          </reporter-output>
        </test-method> <!-- verifyErrorMsgWhileLoginWithInvalidCredentials -->
        <test-method is-config="true" signature="closeBrowser(org.testng.ITestResult)[pri:0, instance:test.LoginPageTest@21e360a]" started-at="2024-07-02T14:33:46 IST" name="closeBrowser" finished-at="2024-07-02T14:33:46 IST" duration-ms="184" status="PASS">
          <params>
            <param index="0">
              <value>
                <![CDATA[[TestResult name=verifyErrorMsgWhileLoginWithInvalidCredentials status=SUCCESS method=LoginPageTest.verifyErrorMsgWhileLoginWithInvalidCredentials(java.lang.String,java.lang.String)[pri:0, instance:test.LoginPageTest@21e360a] output={null}]]]>
              </value>
            </param>
          </params>
          <reporter-output>
          </reporter-output>
        </test-method> <!-- closeBrowser -->
        <test-method is-config="true" signature="setUp(java.lang.String)[pri:0, instance:test.LoginPageTest@21e360a]" started-at="2024-07-02T14:33:46 IST" name="setUp" finished-at="2024-07-02T14:33:57 IST" duration-ms="10446" status="PASS">
          <params>
            <param index="0">
              <value>
                <![CDATA[Chrome]]>
              </value>
            </param>
          </params>
          <reporter-output>
          </reporter-output>
        </test-method> <!-- setUp -->
        <test-method signature="verifyErrorMsgWhileLoginWithInvalidCredentials(java.lang.String,java.lang.String)[pri:0, instance:test.LoginPageTest@21e360a]" started-at="2024-07-02T14:33:57 IST" name="verifyErrorMsgWhileLoginWithInvalidCredentials" data-provider="InvalidLogincredentials" finished-at="2024-07-02T14:33:58 IST" duration-ms="1035" status="PASS">
          <params>
            <param index="0">
              <value>
                <![CDATA[admi]]>
              </value>
            </param>
            <param index="1">
              <value>
                <![CDATA[123456]]>
              </value>
            </param>
          </params>
          <reporter-output>
          </reporter-output>
        </test-method> <!-- verifyErrorMsgWhileLoginWithInvalidCredentials -->
        <test-method is-config="true" signature="closeBrowser(org.testng.ITestResult)[pri:0, instance:test.LoginPageTest@21e360a]" started-at="2024-07-02T14:33:58 IST" name="closeBrowser" finished-at="2024-07-02T14:33:58 IST" duration-ms="133" status="PASS">
          <params>
            <param index="0">
              <value>
                <![CDATA[[TestResult name=verifyErrorMsgWhileLoginWithInvalidCredentials status=SUCCESS method=LoginPageTest.verifyErrorMsgWhileLoginWithInvalidCredentials(java.lang.String,java.lang.String)[pri:0, instance:test.LoginPageTest@21e360a] output={null}]]]>
              </value>
            </param>
          </params>
          <reporter-output>
          </reporter-output>
        </test-method> <!-- closeBrowser -->
        <test-method is-config="true" signature="setUp(java.lang.String)[pri:0, instance:test.LoginPageTest@21e360a]" started-at="2024-07-02T14:33:58 IST" name="setUp" finished-at="2024-07-02T14:34:09 IST" duration-ms="10734" status="PASS">
          <params>
            <param index="0">
              <value>
                <![CDATA[Chrome]]>
              </value>
            </param>
          </params>
          <reporter-output>
          </reporter-output>
        </test-method> <!-- setUp -->
        <test-method signature="verifyErrorMsgWhileLoginWithInvalidCredentials(java.lang.String,java.lang.String)[pri:0, instance:test.LoginPageTest@21e360a]" started-at="2024-07-02T14:34:09 IST" name="verifyErrorMsgWhileLoginWithInvalidCredentials" data-provider="InvalidLogincredentials" finished-at="2024-07-02T14:34:10 IST" duration-ms="768" status="PASS">
          <params>
            <param index="0">
              <value>
                <![CDATA[admi]]>
              </value>
            </param>
            <param index="1">
              <value>
                <![CDATA[1234]]>
              </value>
            </param>
          </params>
          <reporter-output>
          </reporter-output>
        </test-method> <!-- verifyErrorMsgWhileLoginWithInvalidCredentials -->
        <test-method is-config="true" signature="closeBrowser(org.testng.ITestResult)[pri:0, instance:test.LoginPageTest@21e360a]" started-at="2024-07-02T14:34:10 IST" name="closeBrowser" finished-at="2024-07-02T14:34:10 IST" duration-ms="84" status="PASS">
          <params>
            <param index="0">
              <value>
                <![CDATA[[TestResult name=verifyErrorMsgWhileLoginWithInvalidCredentials status=SUCCESS method=LoginPageTest.verifyErrorMsgWhileLoginWithInvalidCredentials(java.lang.String,java.lang.String)[pri:0, instance:test.LoginPageTest@21e360a] output={null}]]]>
              </value>
            </param>
          </params>
          <reporter-output>
          </reporter-output>
        </test-method> <!-- closeBrowser -->
        <test-method is-config="true" signature="setUp(java.lang.String)[pri:0, instance:test.LoginPageTest@21e360a]" started-at="2024-07-02T14:34:10 IST" name="setUp" finished-at="2024-07-02T14:34:22 IST" duration-ms="12188" status="PASS">
          <params>
            <param index="0">
              <value>
                <![CDATA[Chrome]]>
              </value>
            </param>
          </params>
          <reporter-output>
          </reporter-output>
        </test-method> <!-- setUp -->
        <test-method signature="verifyLoginWithValidCredentials()[pri:0, instance:test.LoginPageTest@21e360a]" started-at="2024-07-02T14:34:22 IST" name="verifyLoginWithValidCredentials" finished-at="2024-07-02T14:34:24 IST" duration-ms="2619" status="PASS">
          <reporter-output>
          </reporter-output>
        </test-method> <!-- verifyLoginWithValidCredentials -->
        <test-method is-config="true" signature="closeBrowser(org.testng.ITestResult)[pri:0, instance:test.LoginPageTest@21e360a]" started-at="2024-07-02T14:34:24 IST" name="closeBrowser" finished-at="2024-07-02T14:34:25 IST" duration-ms="93" status="PASS">
          <params>
            <param index="0">
              <value>
                <![CDATA[[TestResult name=verifyLoginWithValidCredentials status=SUCCESS method=LoginPageTest.verifyLoginWithValidCredentials()[pri:0, instance:test.LoginPageTest@21e360a] output={null}]]]>
              </value>
            </param>
          </params>
          <reporter-output>
          </reporter-output>
        </test-method> <!-- closeBrowser -->
      </class> <!-- test.LoginPageTest -->
      <class name="test.AddUserPageTest">
        <test-method is-config="true" signature="setUp(java.lang.String)[pri:0, instance:test.AddUserPageTest@25fb8912]" started-at="2024-07-02T14:30:19 IST" name="setUp" finished-at="2024-07-02T14:30:32 IST" duration-ms="12616" status="PASS">
          <params>
            <param index="0">
              <value>
                <![CDATA[Chrome]]>
              </value>
            </param>
          </params>
          <reporter-output>
          </reporter-output>
        </test-method> <!-- setUp -->
        <test-method signature="verifyAddUser()[pri:0, instance:test.AddUserPageTest@25fb8912]" started-at="2024-07-02T14:30:32 IST" name="verifyAddUser" finished-at="2024-07-02T14:30:42 IST" duration-ms="10331" status="PASS">
          <reporter-output>
          </reporter-output>
        </test-method> <!-- verifyAddUser -->
        <test-method is-config="true" signature="closeBrowser(org.testng.ITestResult)[pri:0, instance:test.AddUserPageTest@25fb8912]" started-at="2024-07-02T14:30:42 IST" name="closeBrowser" finished-at="2024-07-02T14:30:43 IST" duration-ms="139" status="PASS">
          <params>
            <param index="0">
              <value>
                <![CDATA[[TestResult name=verifyAddUser status=SUCCESS method=AddUserPageTest.verifyAddUser()[pri:0, instance:test.AddUserPageTest@25fb8912] output={null}]]]>
              </value>
            </param>
          </params>
          <reporter-output>
          </reporter-output>
        </test-method> <!-- closeBrowser -->
        <test-method is-config="true" signature="setUp(java.lang.String)[pri:0, instance:test.AddUserPageTest@25fb8912]" started-at="2024-07-02T14:30:43 IST" name="setUp" finished-at="2024-07-02T14:30:56 IST" duration-ms="13257" status="PASS">
          <params>
            <param index="0">
              <value>
                <![CDATA[Chrome]]>
              </value>
            </param>
          </params>
          <reporter-output>
          </reporter-output>
        </test-method> <!-- setUp -->
        <test-method signature="verifyUserLoginWithNewlyaddeduser()[pri:0, instance:test.AddUserPageTest@25fb8912]" started-at="2024-07-02T14:30:56 IST" name="verifyUserLoginWithNewlyaddeduser" finished-at="2024-07-02T14:31:09 IST" duration-ms="12768" status="PASS">
          <reporter-output>
          </reporter-output>
        </test-method> <!-- verifyUserLoginWithNewlyaddeduser -->
        <test-method is-config="true" signature="closeBrowser(org.testng.ITestResult)[pri:0, instance:test.AddUserPageTest@25fb8912]" started-at="2024-07-02T14:31:09 IST" name="closeBrowser" finished-at="2024-07-02T14:31:09 IST" duration-ms="150" status="PASS">
          <params>
            <param index="0">
              <value>
                <![CDATA[[TestResult name=verifyUserLoginWithNewlyaddeduser status=SUCCESS method=AddUserPageTest.verifyUserLoginWithNewlyaddeduser()[pri:0, instance:test.AddUserPageTest@25fb8912] output={null}]]]>
              </value>
            </param>
          </params>
          <reporter-output>
          </reporter-output>
        </test-method> <!-- closeBrowser -->
      </class> <!-- test.AddUserPageTest -->
      <class name="test.UserManagementPageTest">
        <test-method is-config="true" signature="setUp(java.lang.String)[pri:0, instance:test.UserManagementPageTest@2c35e847]" started-at="2024-07-02T14:32:10 IST" name="setUp" finished-at="2024-07-02T14:32:24 IST" duration-ms="14317" status="PASS">
          <params>
            <param index="0">
              <value>
                <![CDATA[Chrome]]>
              </value>
            </param>
          </params>
          <reporter-output>
          </reporter-output>
        </test-method> <!-- setUp -->
        <test-method signature="verifyRoleTabIsEnabled()[pri:0, instance:test.UserManagementPageTest@2c35e847]" started-at="2024-07-02T14:32:24 IST" name="verifyRoleTabIsEnabled" finished-at="2024-07-02T14:32:29 IST" duration-ms="4673" status="PASS">
          <reporter-output>
          </reporter-output>
        </test-method> <!-- verifyRoleTabIsEnabled -->
        <test-method is-config="true" signature="closeBrowser(org.testng.ITestResult)[pri:0, instance:test.UserManagementPageTest@2c35e847]" started-at="2024-07-02T14:32:29 IST" name="closeBrowser" finished-at="2024-07-02T14:32:29 IST" duration-ms="144" status="PASS">
          <params>
            <param index="0">
              <value>
                <![CDATA[[TestResult name=verifyRoleTabIsEnabled status=SUCCESS method=UserManagementPageTest.verifyRoleTabIsEnabled()[pri:0, instance:test.UserManagementPageTest@2c35e847] output={null}]]]>
              </value>
            </param>
          </params>
          <reporter-output>
          </reporter-output>
        </test-method> <!-- closeBrowser -->
        <test-method is-config="true" signature="setUp(java.lang.String)[pri:0, instance:test.UserManagementPageTest@2c35e847]" started-at="2024-07-02T14:32:29 IST" name="setUp" finished-at="2024-07-02T14:32:48 IST" duration-ms="19312" status="PASS">
          <params>
            <param index="0">
              <value>
                <![CDATA[Chrome]]>
              </value>
            </param>
          </params>
          <reporter-output>
          </reporter-output>
        </test-method> <!-- setUp -->
        <test-method signature="verifySalesCommissionAgentsTabIsEnabled()[pri:0, instance:test.UserManagementPageTest@2c35e847]" started-at="2024-07-02T14:32:48 IST" name="verifySalesCommissionAgentsTabIsEnabled" finished-at="2024-07-02T14:32:54 IST" duration-ms="5188" status="PASS">
          <reporter-output>
          </reporter-output>
        </test-method> <!-- verifySalesCommissionAgentsTabIsEnabled -->
        <test-method is-config="true" signature="closeBrowser(org.testng.ITestResult)[pri:0, instance:test.UserManagementPageTest@2c35e847]" started-at="2024-07-02T14:32:54 IST" name="closeBrowser" finished-at="2024-07-02T14:32:54 IST" duration-ms="136" status="PASS">
          <params>
            <param index="0">
              <value>
                <![CDATA[[TestResult name=verifySalesCommissionAgentsTabIsEnabled status=SUCCESS method=UserManagementPageTest.verifySalesCommissionAgentsTabIsEnabled()[pri:0, instance:test.UserManagementPageTest@2c35e847] output={null}]]]>
              </value>
            </param>
          </params>
          <reporter-output>
          </reporter-output>
        </test-method> <!-- closeBrowser -->
        <test-method is-config="true" signature="setUp(java.lang.String)[pri:0, instance:test.UserManagementPageTest@2c35e847]" started-at="2024-07-02T14:32:54 IST" name="setUp" finished-at="2024-07-02T14:33:08 IST" duration-ms="14452" status="PASS">
          <params>
            <param index="0">
              <value>
                <![CDATA[Chrome]]>
              </value>
            </param>
          </params>
          <reporter-output>
          </reporter-output>
        </test-method> <!-- setUp -->
        <test-method signature="verifyUsersTabIsEnabled()[pri:0, instance:test.UserManagementPageTest@2c35e847]" started-at="2024-07-02T14:33:08 IST" name="verifyUsersTabIsEnabled" finished-at="2024-07-02T14:33:13 IST" duration-ms="4702" status="PASS">
          <reporter-output>
          </reporter-output>
        </test-method> <!-- verifyUsersTabIsEnabled -->
        <test-method is-config="true" signature="closeBrowser(org.testng.ITestResult)[pri:0, instance:test.UserManagementPageTest@2c35e847]" started-at="2024-07-02T14:33:13 IST" name="closeBrowser" finished-at="2024-07-02T14:33:13 IST" duration-ms="138" status="PASS">
          <params>
            <param index="0">
              <value>
                <![CDATA[[TestResult name=verifyUsersTabIsEnabled status=SUCCESS method=UserManagementPageTest.verifyUsersTabIsEnabled()[pri:0, instance:test.UserManagementPageTest@2c35e847] output={null}]]]>
              </value>
            </param>
          </params>
          <reporter-output>
          </reporter-output>
        </test-method> <!-- closeBrowser -->
      </class> <!-- test.UserManagementPageTest -->
    </test> <!-- Test Report -->
  </suite> <!-- Suite -->
</testng-results>
