<?xml version="1.0" encoding="UTF-8"?>
<testng-results ignored="0" total="4" passed="4" failed="0" skipped="0">
  <reporter-output>
  </reporter-output>
  <suite started-at="2024-06-27T12:53:41 IST" name="Default suite" finished-at="2024-06-27T12:55:20 IST" duration-ms="98316">
    <groups>
      <group name="Sanity">
        <method signature="LoginPageTest.verifyErrorMsgWhileLoginWithInvalidCredentials(java.lang.String,java.lang.String)[pri:0, instance:test.LoginPageTest@7d8995e]" name="verifyErrorMsgWhileLoginWithInvalidCredentials" class="test.LoginPageTest"/>
      </group> <!-- Sanity -->
      <group name="Regression">
        <method signature="LoginPageTest.verifyLoginWithValidCredentials()[pri:0, instance:test.LoginPageTest@7d8995e]" name="verifyLoginWithValidCredentials" class="test.LoginPageTest"/>
      </group> <!-- Regression -->
    </groups>
    <test started-at="2024-06-27T12:53:41 IST" name="Default test" finished-at="2024-06-27T12:55:20 IST" duration-ms="98316">
      <class name="test.LoginPageTest">
        <test-method is-config="true" signature="setUp()[pri:0, instance:test.LoginPageTest@7d8995e]" started-at="2024-06-27T12:53:41 IST" name="setUp" finished-at="2024-06-27T12:54:05 IST" duration-ms="23659" status="PASS">
          <reporter-output>
          </reporter-output>
        </test-method> <!-- setUp -->
        <test-method signature="verifyErrorMsgWhileLoginWithInvalidCredentials(java.lang.String,java.lang.String)[pri:0, instance:test.LoginPageTest@7d8995e]" started-at="2024-06-27T12:54:05 IST" name="verifyErrorMsgWhileLoginWithInvalidCredentials" data-provider="InvalidLogincredentials" finished-at="2024-06-27T12:54:07 IST" duration-ms="1586" status="PASS">
          <params>
            <param index="0">
              <value>
                <![CDATA[admin]]>
              </value>
            </param>
            <param index="1">
              <value>
                <![CDATA[1234]]>
              </value>
            </param>
          </params>
          <reporter-output>
          </reporter-output>
        </test-method> <!-- verifyErrorMsgWhileLoginWithInvalidCredentials -->
        <test-method is-config="true" signature="closeBrowser(org.testng.ITestResult)[pri:0, instance:test.LoginPageTest@7d8995e]" started-at="2024-06-27T12:54:07 IST" name="closeBrowser" finished-at="2024-06-27T12:54:07 IST" duration-ms="1" status="PASS">
          <params>
            <param index="0">
              <value>
                <![CDATA[[TestResult name=verifyErrorMsgWhileLoginWithInvalidCredentials status=SUCCESS method=LoginPageTest.verifyErrorMsgWhileLoginWithInvalidCredentials(java.lang.String,java.lang.String)[pri:0, instance:test.LoginPageTest@7d8995e] output={null}]]]>
              </value>
            </param>
          </params>
          <reporter-output>
          </reporter-output>
        </test-method> <!-- closeBrowser -->
        <test-method is-config="true" signature="setUp()[pri:0, instance:test.LoginPageTest@7d8995e]" started-at="2024-06-27T12:54:07 IST" name="setUp" finished-at="2024-06-27T12:54:27 IST" duration-ms="20027" status="PASS">
          <reporter-output>
          </reporter-output>
        </test-method> <!-- setUp -->
        <test-method signature="verifyErrorMsgWhileLoginWithInvalidCredentials(java.lang.String,java.lang.String)[pri:0, instance:test.LoginPageTest@7d8995e]" started-at="2024-06-27T12:54:27 IST" name="verifyErrorMsgWhileLoginWithInvalidCredentials" data-provider="InvalidLogincredentials" finished-at="2024-06-27T12:54:28 IST" duration-ms="750" status="PASS">
          <params>
            <param index="0">
              <value>
                <![CDATA[admi]]>
              </value>
            </param>
            <param index="1">
              <value>
                <![CDATA[123456]]>
              </value>
            </param>
          </params>
          <reporter-output>
          </reporter-output>
        </test-method> <!-- verifyErrorMsgWhileLoginWithInvalidCredentials -->
        <test-method is-config="true" signature="closeBrowser(org.testng.ITestResult)[pri:0, instance:test.LoginPageTest@7d8995e]" started-at="2024-06-27T12:54:28 IST" name="closeBrowser" finished-at="2024-06-27T12:54:28 IST" duration-ms="1" status="PASS">
          <params>
            <param index="0">
              <value>
                <![CDATA[[TestResult name=verifyErrorMsgWhileLoginWithInvalidCredentials status=SUCCESS method=LoginPageTest.verifyErrorMsgWhileLoginWithInvalidCredentials(java.lang.String,java.lang.String)[pri:0, instance:test.LoginPageTest@7d8995e] output={null}]]]>
              </value>
            </param>
          </params>
          <reporter-output>
          </reporter-output>
        </test-method> <!-- closeBrowser -->
        <test-method is-config="true" signature="setUp()[pri:0, instance:test.LoginPageTest@7d8995e]" started-at="2024-06-27T12:54:28 IST" name="setUp" finished-at="2024-06-27T12:54:51 IST" duration-ms="23609" status="PASS">
          <reporter-output>
          </reporter-output>
        </test-method> <!-- setUp -->
        <test-method signature="verifyErrorMsgWhileLoginWithInvalidCredentials(java.lang.String,java.lang.String)[pri:0, instance:test.LoginPageTest@7d8995e]" started-at="2024-06-27T12:54:51 IST" name="verifyErrorMsgWhileLoginWithInvalidCredentials" data-provider="InvalidLogincredentials" finished-at="2024-06-27T12:54:52 IST" duration-ms="725" status="PASS">
          <params>
            <param index="0">
              <value>
                <![CDATA[admi]]>
              </value>
            </param>
            <param index="1">
              <value>
                <![CDATA[1234]]>
              </value>
            </param>
          </params>
          <reporter-output>
          </reporter-output>
        </test-method> <!-- verifyErrorMsgWhileLoginWithInvalidCredentials -->
        <test-method is-config="true" signature="closeBrowser(org.testng.ITestResult)[pri:0, instance:test.LoginPageTest@7d8995e]" started-at="2024-06-27T12:54:52 IST" name="closeBrowser" finished-at="2024-06-27T12:54:52 IST" duration-ms="0" status="PASS">
          <params>
            <param index="0">
              <value>
                <![CDATA[[TestResult name=verifyErrorMsgWhileLoginWithInvalidCredentials status=SUCCESS method=LoginPageTest.verifyErrorMsgWhileLoginWithInvalidCredentials(java.lang.String,java.lang.String)[pri:0, instance:test.LoginPageTest@7d8995e] output={null}]]]>
              </value>
            </param>
          </params>
          <reporter-output>
          </reporter-output>
        </test-method> <!-- closeBrowser -->
        <test-method is-config="true" signature="setUp()[pri:0, instance:test.LoginPageTest@7d8995e]" started-at="2024-06-27T12:54:52 IST" name="setUp" finished-at="2024-06-27T12:55:13 IST" duration-ms="21077" status="PASS">
          <reporter-output>
          </reporter-output>
        </test-method> <!-- setUp -->
        <test-method signature="verifyLoginWithValidCredentials()[pri:0, instance:test.LoginPageTest@7d8995e]" started-at="2024-06-27T12:55:13 IST" name="verifyLoginWithValidCredentials" finished-at="2024-06-27T12:55:20 IST" duration-ms="6808" status="PASS">
          <reporter-output>
          </reporter-output>
        </test-method> <!-- verifyLoginWithValidCredentials -->
        <test-method is-config="true" signature="closeBrowser(org.testng.ITestResult)[pri:0, instance:test.LoginPageTest@7d8995e]" started-at="2024-06-27T12:55:20 IST" name="closeBrowser" finished-at="2024-06-27T12:55:20 IST" duration-ms="0" status="PASS">
          <params>
            <param index="0">
              <value>
                <![CDATA[[TestResult name=verifyLoginWithValidCredentials status=SUCCESS method=LoginPageTest.verifyLoginWithValidCredentials()[pri:0, instance:test.LoginPageTest@7d8995e] output={null}]]]>
              </value>
            </param>
          </params>
          <reporter-output>
          </reporter-output>
        </test-method> <!-- closeBrowser -->
      </class> <!-- test.LoginPageTest -->
    </test> <!-- Default test -->
  </suite> <!-- Default suite -->
</testng-results>
