<?xml version="1.0" encoding="UTF-8"?>
<!-- Generated by org.testng.reporters.JUnitXMLReporter -->
<testsuite ignored="0" hostname="NOORAZ" failures="0" tests="4" name="Default test" time="98.316" errors="0" timestamp="2024-06-27T12:55:20 IST">
  <testcase classname="test.LoginPageTest" name="verifyErrorMsgWhileLoginWithInvalidCredentials" time="1.586"/>
  <testcase classname="test.LoginPageTest" name="verifyErrorMsgWhileLoginWithInvalidCredentials" time="0.75"/>
  <testcase classname="test.LoginPageTest" name="verifyErrorMsgWhileLoginWithInvalidCredentials" time="0.725"/>
  <testcase classname="test.LoginPageTest" name="verifyLoginWithValidCredentials" time="6.808"/>
</testsuite> <!-- Default test -->
