<?xml version="1.0" encoding="UTF-8"?>
<!-- Generated by org.testng.reporters.JUnitXMLReporter -->
<testsuite ignored="0" hostname="NOORAZ" failures="0" tests="2" name="AddUserPageTest" time="12.345" errors="0" timestamp="2024-07-02T11:30:57 IST">
  <testcase classname="test.AddUserPageTest" name="verifyAddUser" time="0.0">
    <skipped/>
  </testcase> <!-- verifyAddUser -->
  <testcase classname="test.AddUserPageTest" name="verifyUserLoginWithNewlyaddeduser" time="0.0">
    <skipped/>
  </testcase> <!-- verifyUserLoginWithNewlyaddeduser -->
</testsuite> <!-- AddUserPageTest -->
