<?xml version="1.0" encoding="UTF-8"?>
<!-- Generated by org.testng.reporters.JUnitXMLReporter -->
<testsuite ignored="1" hostname="NOORAZ" failures="0" tests="6" name="All Test Cases" time="65.982" errors="0" timestamp="2024-07-02T21:28:59 IST">
  <testcase classname="test.ResetPageTest" name="verifyErrorMessageWithInvalidEmailId" time="2.842"/>
  <testcase classname="test.ResetPageTest" name="verifyResetPageTitle" time="0.529"/>
  <testcase classname="test.LoginPageTest" name="verifyErrorMsgWhileLoginWithInvalidCredentials" time="0.642"/>
  <testcase classname="test.LoginPageTest" name="verifyErrorMsgWhileLoginWithInvalidCredentials" time="0.826"/>
  <testcase classname="test.LoginPageTest" name="verifyErrorMsgWhileLoginWithInvalidCredentials" time="0.659"/>
  <testcase classname="test.LoginPageTest" name="verifyLoginWithValidCredentials" time="2.558"/>
  <testcase classname="test.ResetPageTest" name="verifyPasswordResetwithValidEmailId" time="0.0">
    <ignored/>
  </testcase> <!-- verifyPasswordResetwithValidEmailId -->
</testsuite> <!-- All Test Cases -->
