<?xml version="1.0" encoding="UTF-8"?>
<!-- Generated by org.testng.reporters.JUnitXMLReporter -->
<testsuite ignored="0" hostname="NOORAZ" failures="0" tests="4" name="Chrome Test" time="90.984" errors="0" timestamp="2024-06-27T12:45:23 IST">
  <testcase classname="test.LoginPageTest" name="verifyErrorMsgWhileLoginWithInvalidCredentials" time="1.99"/>
  <testcase classname="test.LoginPageTest" name="verifyErrorMsgWhileLoginWithInvalidCredentials" time="0.841"/>
  <testcase classname="test.LoginPageTest" name="verifyErrorMsgWhileLoginWithInvalidCredentials" time="0.863"/>
  <testcase classname="test.LoginPageTest" name="verifyLoginWithValidCredentials" time="5.515"/>
</testsuite> <!-- Chrome Test -->
