<?xml version="1.0" encoding="UTF-8"?>
<!-- Generated by org.testng.reporters.JUnitXMLReporter -->
<testsuite ignored="0" hostname="NOORAZ" failures="0" tests="3" name="Firefox Test" time="54.344" errors="0" timestamp="2024-06-27T12:46:40 IST">
  <testcase classname="test.ResetPageTest" name="verifyErrorMessageWithInvalidEmailId" time="1.038"/>
  <testcase classname="test.ResetPageTest" name="verifyPasswordResetwithValidEmailId" time="1.532"/>
  <testcase classname="test.ResetPageTest" name="verifyResetPageTitle" time="0.42"/>
</testsuite> <!-- Firefox Test -->
