<?xml version="1.0" encoding="UTF-8"?>
<!-- Generated by org.testng.reporters.JUnitXMLReporter -->
<testsuite ignored="0" hostname="NOORAZ" failures="0" tests="3" name="Functional Test" time="50.936" errors="0" timestamp="2024-07-02T21:25:05 IST">
  <testcase classname="test.UsersPageTest" name="verifyDeleteFunctionality" time="12.787"/>
  <testcase classname="test.UsersPageTest" name="verifyEditFunctionality" time="7.351"/>
  <testcase classname="test.UsersPageTest" name="verifyViewFunctionality" time="5.471"/>
</testsuite> <!-- Functional Test -->
