<?xml version="1.0" encoding="UTF-8"?>
<!-- Generated by org.testng.reporters.JUnitXMLReporter -->
<testsuite ignored="0" hostname="NOORAZ" failures="0" tests="1" name="Functional Test" time="2.112" errors="0" timestamp="2024-07-02T13:48:07 IST">
  <testcase classname="automationCore.Base" name="@BeforeMethod setUp" time="1.948">
    <failure type="java.lang.NullPointerException">
      <![CDATA[java.lang.NullPointerException
at java.base/java.util.Objects.requireNonNull(Objects.java:208)
at java.base/java.util.ImmutableCollections$Map1.<init>(ImmutableCollections.java:1105)
at java.base/java.util.Map.of(Map.java:1353)
at org.openqa.selenium.remote.DriverCommand.GET(DriverCommand.java:180)
at org.openqa.selenium.remote.RemoteWebDriver.get(RemoteWebDriver.java:301)
at automationCore.Base.initialiseBrowser(Base.java:61)
at automationCore.Base.setUp(Base.java:69)
at java.base/java.util.ArrayList.forEach(ArrayList.java:1511)
... Removed 31 stack frames]]>
    </failure>
  </testcase> <!-- @BeforeMethod setUp -->
  <testcase classname="test.ProfilePageTest" name="verifyProfileUpdate" time="0.0">
    <skipped/>
  </testcase> <!-- verifyProfileUpdate -->
</testsuite> <!-- Functional Test -->
