<?xml version="1.0" encoding="UTF-8"?>
<!-- Generated by org.testng.reporters.JUnitXMLReporter -->
<testsuite ignored="0" hostname="NOORAZ" failures="0" tests="17" name="Jenkins Test" time="254.755" errors="0" timestamp="2024-07-02T21:41:07 IST">
  <testcase classname="test.ProfilePageTest" name="verifyProfileUpdate" time="6.891"/>
  <testcase classname="test.AddUserPageTest" name="verifyAddUser" time="9.31"/>
  <testcase classname="test.AddUserPageTest" name="verifyUserLoginWithNewlyaddeduser" time="14.041"/>
  <testcase classname="test.ResetPageTest" name="verifyErrorMessageWithInvalidEmailId" time="1.244"/>
  <testcase classname="test.ResetPageTest" name="verifyPasswordResetwithValidEmailId" time="1.748"/>
  <testcase classname="test.ResetPageTest" name="verifyResetPageTitle" time="0.631"/>
  <testcase classname="test.UserManagementPageTest" name="verifyRoleTabIsEnabled" time="4.858"/>
  <testcase classname="test.UserManagementPageTest" name="verifySalesCommissionAgentsTabIsEnabled" time="4.384"/>
  <testcase classname="test.UserManagementPageTest" name="verifyUsersTabIsEnabled" time="2.788"/>
  <testcase classname="test.HomePageTest" name="verifyUserLoginDate" time="2.938"/>
  <testcase classname="test.LoginPageTest" name="verifyErrorMsgWhileLoginWithInvalidCredentials" time="1.102"/>
  <testcase classname="test.LoginPageTest" name="verifyErrorMsgWhileLoginWithInvalidCredentials" time="0.793"/>
  <testcase classname="test.LoginPageTest" name="verifyErrorMsgWhileLoginWithInvalidCredentials" time="0.525"/>
  <testcase classname="test.LoginPageTest" name="verifyLoginWithValidCredentials" time="3.222"/>
  <testcase classname="test.UsersPageTest" name="verifyDeleteFunctionality" time="10.178"/>
  <testcase classname="test.UsersPageTest" name="verifyEditFunctionality" time="7.478"/>
  <testcase classname="test.UsersPageTest" name="verifyViewFunctionality" time="7.745"/>
</testsuite> <!-- Jenkins Test -->
