<?xml version="1.0" encoding="UTF-8"?>
<!-- Generated by org.testng.reporters.JUnitXMLReporter -->
<testsuite ignored="0" hostname="NOORAZ" failures="0" tests="17" name="Test Report" time="334.159" errors="0" timestamp="2024-07-02T14:35:27 IST">
  <testcase classname="test.ProfilePageTest" name="verifyProfileUpdate" time="8.148"/>
  <testcase classname="test.AddUserPageTest" name="verifyAddUser" time="10.331"/>
  <testcase classname="test.AddUserPageTest" name="verifyUserLoginWithNewlyaddeduser" time="12.768"/>
  <testcase classname="test.ResetPageTest" name="verifyErrorMessageWithInvalidEmailId" time="1.381"/>
  <testcase classname="test.ResetPageTest" name="verifyPasswordResetwithValidEmailId" time="1.755"/>
  <testcase classname="test.ResetPageTest" name="verifyResetPageTitle" time="0.529"/>
  <testcase classname="test.UserManagementPageTest" name="verifyRoleTabIsEnabled" time="4.673"/>
  <testcase classname="test.UserManagementPageTest" name="verifySalesCommissionAgentsTabIsEnabled" time="5.188"/>
  <testcase classname="test.UserManagementPageTest" name="verifyUsersTabIsEnabled" time="4.702"/>
  <testcase classname="test.HomePageTest" name="verifyUserLoginDate" time="3.694"/>
  <testcase classname="test.LoginPageTest" name="verifyErrorMsgWhileLoginWithInvalidCredentials" time="0.821"/>
  <testcase classname="test.LoginPageTest" name="verifyErrorMsgWhileLoginWithInvalidCredentials" time="1.035"/>
  <testcase classname="test.LoginPageTest" name="verifyErrorMsgWhileLoginWithInvalidCredentials" time="0.768"/>
  <testcase classname="test.LoginPageTest" name="verifyLoginWithValidCredentials" time="2.619"/>
  <testcase classname="test.UsersPageTest" name="verifyDeleteFunctionality" time="9.633"/>
  <testcase classname="test.UsersPageTest" name="verifyEditFunctionality" time="9.022"/>
  <testcase classname="test.UsersPageTest" name="verifyViewFunctionality" time="6.378"/>
</testsuite> <!-- Test Report -->
