<?xml version="1.0" encoding="UTF-8"?>
<!-- Generated by org.testng.reporters.JUnitXMLReporter -->
<testsuite ignored="0" hostname="NOORAZ" failures="0" tests="17" name="Test Report" time="388.756" errors="0" timestamp="2024-07-03T15:06:34 IST">
  <testcase classname="test.ProfilePageTest" name="verifyProfileUpdate" time="8.191"/>
  <testcase classname="test.AddUserPageTest" name="verifyAddUser" time="13.589"/>
  <testcase classname="test.AddUserPageTest" name="verifyUserLoginWithNewlyaddeduser" time="12.79"/>
  <testcase classname="test.ResetPageTest" name="verifyErrorMessageWithInvalidEmailId" time="1.358"/>
  <testcase classname="test.ResetPageTest" name="verifyPasswordResetwithValidEmailId" time="1.665"/>
  <testcase classname="test.ResetPageTest" name="verifyResetPageTitle" time="0.541"/>
  <testcase classname="test.UserManagementPageTest" name="verifyRoleTabIsEnabled" time="3.81"/>
  <testcase classname="test.UserManagementPageTest" name="verifySalesCommissionAgentsTabIsEnabled" time="4.101"/>
  <testcase classname="test.UserManagementPageTest" name="verifyUsersTabIsEnabled" time="4.853"/>
  <testcase classname="test.HomePageTest" name="verifyUserLoginDate" time="6.315"/>
  <testcase classname="test.LoginPageTest" name="verifyErrorMsgWhileLoginWithInvalidCredentials" time="1.181"/>
  <testcase classname="test.LoginPageTest" name="verifyErrorMsgWhileLoginWithInvalidCredentials" time="0.995"/>
  <testcase classname="test.LoginPageTest" name="verifyErrorMsgWhileLoginWithInvalidCredentials" time="1.001"/>
  <testcase classname="test.LoginPageTest" name="verifyLoginWithValidCredentials" time="2.892"/>
  <testcase classname="test.UsersPageTest" name="verifyDeleteFunctionality" time="10.716"/>
  <testcase classname="test.UsersPageTest" name="verifyEditFunctionality" time="12.146"/>
  <testcase classname="test.UsersPageTest" name="verifyViewFunctionality" time="9.815"/>
</testsuite> <!-- Test Report -->
